-- vim: set expandtab shiftwidth=0 syntax=pgsql tabstop=2 :
-- TEST: custom parameters and their defaults
\pset format unaligned
SELECT name, setting, unit, context, vartype, min_val, max_val, enumvals
  FROM pg_catalog.pg_settings
 WHERE name LIKE 'otel.%';
name|setting|unit|context|vartype|min_val|max_val|enumvals
otel.attribute_count_limit|128||internal|integer|128|128|
otel.export|||sighup|string|||
otel.otlp_endpoint|http://localhost:4318||sighup|string|||
otel.otlp_protocol|http/protobuf||internal|string|||
otel.otlp_timeout|10000|ms|sighup|integer|1|3600000|
otel.resource_attributes|||sighup|string|||
otel.service_name|postgresql||sighup|string|||
otel.traceparent|||user|string|||
otel.tracestate|||user|string|||
(9 rows)
\pset format aligned
-- TEST: endpoint requires scheme
ALTER SYSTEM SET otel.otlp_endpoint TO 'localhost:8080';
ERROR:  invalid value for parameter "otel.otlp_endpoint": "localhost:8080"
DETAIL:  URL must begin with http or https.
-- TEST: protocol cannot be changed
ALTER SYSTEM SET otel.otlp_protocol TO 'grpc';
ERROR:  parameter "otel.otlp_protocol" cannot be changed
-- TEST: attributes must be W3C Baggage
ALTER SYSTEM SET otel.resource_attributes TO 'one=two, three=4 ';
ALTER SYSTEM SET otel.resource_attributes TO 'five=,six=Am%C3%A9lie';
ALTER SYSTEM SET otel.resource_attributes TO 'keynovalue';
ERROR:  invalid value for parameter "otel.resource_attributes": "keynovalue"
DETAIL:  baggage syntax is invalid.
ALTER SYSTEM SET otel.resource_attributes TO '=valuenokey';
ERROR:  invalid value for parameter "otel.resource_attributes": "=valuenokey"
DETAIL:  baggage syntax is invalid.
ALTER SYSTEM SET otel.resource_attributes TO 'k=v,';
ERROR:  invalid value for parameter "otel.resource_attributes": "k=v,"
DETAIL:  baggage syntax is invalid.
ALTER SYSTEM RESET otel.resource_attributes;
-- TEST: service.name cannot be blank
ALTER SYSTEM SET otel.service_name TO '';
ERROR:  invalid value for parameter "otel.service_name": ""
DETAIL:  resource attribute "service.name" cannot be blank.
-- TEST: W3C Trace Context
SET otel.traceparent TO 'asdf';
NOTICE:  traceparent "asdf" is malformed
SET otel.traceparent TO '00-4bf92f3577b34da6a3ce929d0e0e4736-00f067aa0ba902b7-01';
RESET otel.traceparent;
SET otel.tracestate TO 'anything';
RESET otel.tracestate;
